2024-03-23,14:27:03 | INFO | Running in distributed mode with multiple processes. Device: cuda:0.Process (global: 0, local 0), total 2.
2024-03-23,14:27:03 | INFO | Loaded ViT-B-16 model config.
2024-03-23,14:27:05 | INFO | Model:
2024-03-23,14:27:05 | INFO | CLIP(
  (visual): VisionTransformer(
    (patchnorm_pre_ln): Identity()
    (conv1): Conv2d(3, 768, kernel_size=(16, 16), stride=(16, 16), bias=False)
    (patch_dropout): Identity()
    (ln_pre): LayerNorm((768,), eps=1e-05, elementwise_affine=True)
    (transformer): Transformer(
      (resblocks): ModuleList(
        (0-11): 12 x ResidualAttentionBlock(
          (ln_1): LayerNorm((768,), eps=1e-05, elementwise_affine=True)
          (attn): MultiheadAttention(
            (out_proj): NonDynamicallyQuantizableLinear(in_features=768, out_features=768, bias=True)
          )
          (ls_1): Identity()
          (ln_2): LayerNorm((768,), eps=1e-05, elementwise_affine=True)
          (mlp): Sequential(
            (c_fc): Linear(in_features=768, out_features=3072, bias=True)
            (gelu): GELU(approximate='none')
            (c_proj): Linear(in_features=3072, out_features=768, bias=True)
          )
          (ls_2): Identity()
        )
      )
    )
    (ln_post): LayerNorm((768,), eps=1e-05, elementwise_affine=True)
  )
  (transformer): Transformer(
    (resblocks): ModuleList(
      (0-11): 12 x ResidualAttentionBlock(
        (ln_1): LayerNorm((512,), eps=1e-05, elementwise_affine=True)
        (attn): MultiheadAttention(
          (out_proj): NonDynamicallyQuantizableLinear(in_features=512, out_features=512, bias=True)
        )
        (ls_1): Identity()
        (ln_2): LayerNorm((512,), eps=1e-05, elementwise_affine=True)
        (mlp): Sequential(
          (c_fc): Linear(in_features=512, out_features=2048, bias=True)
          (gelu): GELU(approximate='none')
          (c_proj): Linear(in_features=2048, out_features=512, bias=True)
        )
        (ls_2): Identity()
      )
    )
  )
  (token_embedding): Embedding(49408, 512)
  (ln_final): LayerNorm((512,), eps=1e-05, elementwise_affine=True)
  (logit_scale): ParameterList(
      (0): Parameter containing: [torch.float32 of size  (cuda:0)]
      (1): Parameter containing: [torch.float32 of size  (cuda:0)]
      (2): Parameter containing: [torch.float32 of size  (cuda:0)]
      (3): Parameter containing: [torch.float32 of size  (cuda:0)]
      (4): Parameter containing: [torch.float32 of size  (cuda:0)]
  )
)
2024-03-23,14:27:05 | INFO | Params:
2024-03-23,14:27:05 | INFO |   accum_freq: 1
2024-03-23,14:27:05 | INFO |   aug_cfg: {}
2024-03-23,14:27:05 | INFO |   batch_size: 256
2024-03-23,14:27:05 | INFO |   beta1: 0.9
2024-03-23,14:27:05 | INFO |   beta2: 0.98
2024-03-23,14:27:05 | INFO |   checkpoint_path: /mmfs1/gscratch/krishna/arnabk1/mayank_clip_mrl/logs/mrl_clip/mrl_clip_b256_accum_1_ep40_diffLogitScale_D032324_w1/checkpoints
2024-03-23,14:27:05 | INFO |   coca_caption_loss_weight: 2.0
2024-03-23,14:27:05 | INFO |   coca_contrastive_loss_weight: 1.0
2024-03-23,14:27:05 | INFO |   copy_codebase: False
2024-03-23,14:27:05 | INFO |   csv_caption_key: title
2024-03-23,14:27:05 | INFO |   csv_img_key: filepath
2024-03-23,14:27:05 | INFO |   csv_separator: 	
2024-03-23,14:27:05 | INFO |   dataset_resampled: False
2024-03-23,14:27:05 | INFO |   dataset_type: webdataset
2024-03-23,14:27:05 | INFO |   ddp_static_graph: False
2024-03-23,14:27:05 | INFO |   debug: False
2024-03-23,14:27:05 | INFO |   delete_previous_checkpoint: False
2024-03-23,14:27:05 | INFO |   device: cuda:0
2024-03-23,14:27:05 | INFO |   dist_backend: nccl
2024-03-23,14:27:05 | INFO |   dist_url: env://
2024-03-23,14:27:05 | INFO |   distill: False
2024-03-23,14:27:05 | INFO |   distill_model: None
2024-03-23,14:27:05 | INFO |   distill_pretrained: None
2024-03-23,14:27:05 | INFO |   distributed: True
2024-03-23,14:27:05 | INFO |   epochs: 40
2024-03-23,14:27:05 | INFO |   epochs_cooldown: None
2024-03-23,14:27:05 | INFO |   eps: 1e-06
2024-03-23,14:27:05 | INFO |   force_custom_text: False
2024-03-23,14:27:05 | INFO |   force_image_size: None
2024-03-23,14:27:05 | INFO |   force_mrl_loss: True
2024-03-23,14:27:05 | INFO |   force_patch_dropout: None
2024-03-23,14:27:05 | INFO |   force_quick_gelu: False
2024-03-23,14:27:05 | INFO |   gather_with_grad: True
2024-03-23,14:27:05 | INFO |   grad_checkpointing: False
2024-03-23,14:27:05 | INFO |   grad_clip_norm: None
2024-03-23,14:27:05 | INFO |   horovod: False
2024-03-23,14:27:05 | INFO |   image_mean: None
2024-03-23,14:27:05 | INFO |   image_std: None
2024-03-23,14:27:05 | INFO |   imagenet_v2: None
2024-03-23,14:27:05 | INFO |   imagenet_val: /gscratch/krishna/arnabk1/root/val/
2024-03-23,14:27:05 | INFO |   local_loss: True
2024-03-23,14:27:05 | INFO |   local_rank: 0
2024-03-23,14:27:05 | INFO |   lock_image: False
2024-03-23,14:27:05 | INFO |   lock_image_freeze_bn_stats: False
2024-03-23,14:27:05 | INFO |   lock_image_unlocked_groups: 0
2024-03-23,14:27:05 | INFO |   lock_text: False
2024-03-23,14:27:05 | INFO |   lock_text_freeze_layer_norm: False
2024-03-23,14:27:05 | INFO |   lock_text_unlocked_layers: 0
2024-03-23,14:27:05 | INFO |   log_every_n_steps: 100
2024-03-23,14:27:05 | INFO |   log_level: 20
2024-03-23,14:27:05 | INFO |   log_local: False
2024-03-23,14:27:05 | INFO |   log_path: /mmfs1/gscratch/krishna/arnabk1/mayank_clip_mrl/logs/mrl_clip/mrl_clip_b256_accum_1_ep40_diffLogitScale_D032324_w1/out.log
2024-03-23,14:27:05 | INFO |   logs: /mmfs1/gscratch/krishna/arnabk1/mayank_clip_mrl/logs/mrl_clip
2024-03-23,14:27:05 | INFO |   lr: 0.0005
2024-03-23,14:27:05 | INFO |   lr_cooldown_end: 0.0
2024-03-23,14:27:05 | INFO |   lr_cooldown_power: 1.0
2024-03-23,14:27:05 | INFO |   lr_scheduler: cosine
2024-03-23,14:27:05 | INFO |   model: ViT-B-16
2024-03-23,14:27:05 | INFO |   mrl_dim_to_consider: [768, 384, 192, 96, 48]
2024-03-23,14:27:05 | INFO |   mrl_loss_weights: [1.0, 1.0, 1.0, 1.0, 1.0]
2024-03-23,14:27:05 | INFO |   name: mrl_clip_b256_accum_1_ep40_diffLogitScale_D032324_w1
2024-03-23,14:27:05 | INFO |   no_set_device_rank: False
2024-03-23,14:27:05 | INFO |   precision: amp
2024-03-23,14:27:05 | INFO |   pretrained: 
2024-03-23,14:27:05 | INFO |   pretrained_image: False
2024-03-23,14:27:05 | INFO |   rank: 0
2024-03-23,14:27:05 | INFO |   remote_sync: None
2024-03-23,14:27:05 | INFO |   remote_sync_frequency: 300
2024-03-23,14:27:05 | INFO |   remote_sync_protocol: s3
2024-03-23,14:27:05 | INFO |   report_to: wandb
2024-03-23,14:27:05 | INFO |   resume: None
2024-03-23,14:27:05 | INFO |   save_frequency: 1
2024-03-23,14:27:05 | INFO |   save_most_recent: False
2024-03-23,14:27:05 | INFO |   seed: 42
2024-03-23,14:27:05 | INFO |   skip_scheduler: False
2024-03-23,14:27:05 | INFO |   tensorboard: False
2024-03-23,14:27:05 | INFO |   tensorboard_path: 
2024-03-23,14:27:05 | INFO |   torchscript: False
2024-03-23,14:27:05 | INFO |   trace: False
2024-03-23,14:27:05 | INFO |   train_data: /gscratch/krishna/chenhaoz/IL/FDT/data/cc3m/{00000...000331}.tar
2024-03-23,14:27:05 | INFO |   train_data_upsampling_factors: None
2024-03-23,14:27:05 | INFO |   train_num_samples: None
2024-03-23,14:27:05 | INFO |   use_bn_sync: False
2024-03-23,14:27:05 | INFO |   val_data: None
2024-03-23,14:27:05 | INFO |   val_frequency: 1
2024-03-23,14:27:05 | INFO |   val_num_samples: None
2024-03-23,14:27:05 | INFO |   wandb: True
2024-03-23,14:27:05 | INFO |   wandb_notes: 
2024-03-23,14:27:05 | INFO |   wandb_project_name: mrl_clip_training
2024-03-23,14:27:05 | INFO |   warmup: 4000
2024-03-23,14:27:05 | INFO |   wd: 0.2
2024-03-23,14:27:05 | INFO |   workers: 4
2024-03-23,14:27:05 | INFO |   world_size: 2
2024-03-23,14:27:05 | INFO |   zeroshot_frequency: 2
